<?xml version="1.0" encoding="UTF-8"?>
<testsuites name="FIt-test suite" time="27" tests="1" failures="0" errors="0">
   <testsuite name="FIt-test suite" tests="1" failures="0" errors="0" time="27" timestamp="2019-04-25 11:17:55" hostname="satwik_df_gs1 - 192.168.0.78" id="Test Suites/FIt-test suite">
      <properties>
         <property name="deviceName" value=""/>
         <property name="devicePlatform" value=""/>
         <property name="logFolder" value="/Users/satwik_df_gs1/Katalon Studio/GS1 FIT/Reports/FIt-test suite/20190425_111742"/>
         <property name="logFiles" value="/Users/satwik_df_gs1/Katalon Studio/GS1 FIT/Reports/FIt-test suite/20190425_111742/execution0.log"/>
         <property name="attachments" value=""/>
         <property name="hostName" value="satwik_df_gs1 - 192.168.0.78"/>
         <property name="hostAddress" value="192.168.0.78"/>
         <property name="os" value="Mac OS X 64bit"/>
         <property name="katalonVersion" value="6.0.5.4"/>
      </properties>
      <testcase name="Test Cases/test" classname="Test Cases/test" status="PASSED">
         <system-out><![CDATA[2019-04-25 11:17:55 - [TEST_CASE][PASSED] - Test Cases/test: Test Cases/test

2019-04-25 11:17:55 - [TEST_STEP][PASSED] - Storeresponse = sendRequestAndVerify(findTestObject("GLN Check - EOID", ["gln":glnforEOID, "urlforcheckeoid":urlforEOIDcheck, "body":body, "responsecode":200, "status":"status", "statuscode":"200", ... ])): Send request and verify the response successfully

2019-04-25 11:18:22 - [TEST_CASE][PASSED] - Start Test Case : Verification: Verification accomplished successfully

2019-04-25 11:18:22 - [TEST_STEP][PASSED] - request = getInstance().getCurrentRequest(): null

2019-04-25 11:18:22 - [TEST_STEP][PASSED] - response = getInstance().getCurrentResponse(): null

2019-04-25 11:18:22 - [TEST_STEP][PASSED] - verifyResponseStatusCode(response, 200): Verify response status code successfully

2019-04-25 11:18:22 - [MESSAGE][PASSED] - Verify response status code successfully

2019-04-25 11:18:22 - [TEST_STEP][PASSED] - verifyElementPropertyValue(response, "status", "200"): Verify element property value successfully

2019-04-25 11:18:22 - [MESSAGE][PASSED] - Verify element property value successfully

2019-04-25 11:18:22 - [TEST_STEP][PASSED] - verifyElementPropertyValue(response, "messageId", "E012"): Verify element property value successfully

2019-04-25 11:18:22 - [MESSAGE][PASSED] - Verify element property value successfully

2019-04-25 11:18:22 - [TEST_STEP][PASSED] - verifyElementPropertyValue(response, "companyName", "GONZALEZ BYASS S.A."): Verify element property value successfully

2019-04-25 11:18:22 - [MESSAGE][PASSED] - Verify element property value successfully

2019-04-25 11:18:22 - [MESSAGE][PASSED] - Verify response successfully

2019-04-25 11:18:22 - [MESSAGE][PASSED] - Send request and verify the response successfully

2019-04-25 11:18:22 - [TEST_STEP][PASSED] - verifyElementPropertyValue(Storeresponse, status, statuscode): Verify element property value successfully

2019-04-25 11:18:22 - [MESSAGE][PASSED] - Verify element property value successfully

2019-04-25 11:18:22 - [TEST_STEP][PASSED] - verifyElementPropertyValue(Storeresponse, messageid, messageidvalue): Verify element property value successfully

2019-04-25 11:18:22 - [MESSAGE][PASSED] - Verify element property value successfully

2019-04-25 11:18:22 - [TEST_STEP][PASSED] - verifyElementPropertyValue(Storeresponse, companyname, companynamevalue): Verify element property value successfully

2019-04-25 11:18:23 - [MESSAGE][PASSED] - Verify element property value successfully]]></system-out>
         <system-err><![CDATA[]]></system-err>
      </testcase>
      <system-out><![CDATA[2019-04-25 11:17:55 - [TEST_SUITE][PASSED] - FIt-test suite: Test Cases/test]]></system-out>
      <system-err><![CDATA[]]></system-err>
   </testsuite>
</testsuites>
