<?xml version="1.0" encoding="UTF-8"?>
<testsuites name="GCLD-9" time="90" tests="4" failures="0" errors="0">
   <testsuite name="GCLD-9" tests="4" failures="0" errors="0" time="90" timestamp="2019-02-07 13:41:30" hostname="satwik_df_gs1 - 192.168.0.78" id="Test Suites/GCLD-9/GCLD-9">
      <properties>
         <property name="deviceName" value=""/>
         <property name="devicePlatform" value=""/>
         <property name="logFolder" value="/Users/satwik_df_gs1/Katalon Studio/GS1-Check/Reports/GCLD-9/GCLD-9/20190207_134118"/>
         <property name="logFiles" value="/Users/satwik_df_gs1/Katalon Studio/GS1-Check/Reports/GCLD-9/GCLD-9/20190207_134118/execution0.log"/>
         <property name="attachments" value=""/>
         <property name="hostName" value="satwik_df_gs1 - 192.168.0.78"/>
         <property name="os" value="Mac OS X 64bit"/>
         <property name="katalonVersion" value="5.10.1.1"/>
         <property name="browser" value="Chrome 71.0.3578.98"/>
         <property name="hostAddress" value="192.168.0.78"/>
         <property name="sessionId" value="f03dbffdd2060df198716af6d3d7745e"/>
         <property name="seleniumVersion" value="3.7.1"/>
         <property name="proxyInformation" value="ProxyInformation{proxyOption=NO_PROXY, proxyServerType=HTTP, password=, proxyServerAddress=, proxyServerPort=0}"/>
         <property name="platform" value="Mac OS X"/>
      </properties>
      <testcase name="Test Cases/GCLD-9/Verify Valid Length of GTIN number" classname="Test Cases/GCLD-9/Verify Valid Length of GTIN number" status="PASSED">
         <system-out><![CDATA[2019-02-07 13:41:30 - [TEST_CASE][PASSED] - Test Cases/GCLD-9/Verify Valid Length of GTIN number: Test Cases/GCLD-9/Verify Valid Length of GTIN number

2019-02-07 13:41:31 - [TEST_STEP][PASSED] - openBrowser("https://cloud.test.gs1.org/gs1-portal"): Browser is opened with url: 'https://cloud.test.gs1.org/gs1-portal'

2019-02-07 13:41:31 - [MESSAGE][INFO] - Starting 'Chrome' driver

2019-02-07 13:41:31 - [MESSAGE][INFO] - Action delay is set to 0 seconds

2019-02-07 13:41:38 - [MESSAGE][PASSED] - Browser is opened with url: 'https://cloud.test.gs1.org/gs1-portal'

2019-02-07 13:41:38 - [TEST_STEP][PASSED] - navigateToUrl("https://gs1-sso-customsts.azurewebsites.net/Account/LoginSelector"): Navigate to 'https://gs1-sso-customsts.azurewebsites.net/Account/LoginSelector' successfully

2019-02-07 13:41:38 - [MESSAGE][PASSED] - Navigate to 'https://gs1-sso-customsts.azurewebsites.net/Account/LoginSelector' successfully

2019-02-07 13:41:38 - [TEST_STEP][PASSED] - setText(findTestObject("Object Repository/Page_Sign in - GS1 STS Server/input_E-mail_Email"), email): Text 'GS1CloudTest@gs1.org' is set on object 'Object Repository/Page_Sign in - GS1 STS Server/input_E-mail_Email'

2019-02-07 13:41:39 - [MESSAGE][PASSED] - Text 'GS1CloudTest@gs1.org' is set on object 'Object Repository/Page_Sign in - GS1 STS Server/input_E-mail_Email'

2019-02-07 13:41:39 - [TEST_STEP][PASSED] - Thread.sleep(1000): null

2019-02-07 13:41:40 - [TEST_STEP][PASSED] - setText(findTestObject("Object Repository/Page_Sign in - GS1 STS Server/input_Password_Password"), password): Text 'Fvrt7564' is set on object 'Object Repository/Page_Sign in - GS1 STS Server/input_Password_Password'

2019-02-07 13:41:40 - [MESSAGE][PASSED] - Text 'Fvrt7564' is set on object 'Object Repository/Page_Sign in - GS1 STS Server/input_Password_Password'

2019-02-07 13:41:40 - [TEST_STEP][PASSED] - click(findTestObject("Object Repository/Page_Sign in - GS1 STS Server/input_Password_btn btn-default")): Object: 'Object Repository/Page_Sign in - GS1 STS Server/input_Password_btn btn-default' is clicked on

2019-02-07 13:41:49 - [MESSAGE][PASSED] - Object: 'Object Repository/Page_Sign in - GS1 STS Server/input_Password_btn btn-default' is clicked on

2019-02-07 13:41:49 - [TEST_STEP][PASSED] - click(findTestObject("Object Repository/Page_GS1 Cloud BETA - Home/a_Services")): Object: 'Object Repository/Page_GS1 Cloud BETA - Home/a_Services' is clicked on

2019-02-07 13:41:49 - [MESSAGE][PASSED] - Object: 'Object Repository/Page_GS1 Cloud BETA - Home/a_Services' is clicked on

2019-02-07 13:41:49 - [TEST_STEP][PASSED] - Thread.sleep(1000): null

2019-02-07 13:41:50 - [TEST_STEP][PASSED] - click(findTestObject("Object Repository/Page_GS1 Cloud BETA - Services/a_Check")): Object: 'Object Repository/Page_GS1 Cloud BETA - Services/a_Check' is clicked on

2019-02-07 13:41:51 - [MESSAGE][PASSED] - Object: 'Object Repository/Page_GS1 Cloud BETA - Services/a_Check' is clicked on

2019-02-07 13:41:51 - [TEST_STEP][PASSED] - setText(findTestObject("Object Repository/Page_GS1 Cloud BETA - Check/input_Global Trade Item Number"), Checkgtinlength): Text '1' is set on object 'Object Repository/Page_GS1 Cloud BETA - Check/input_Global Trade Item Number'

2019-02-07 13:41:52 - [MESSAGE][PASSED] - Text '1' is set on object 'Object Repository/Page_GS1 Cloud BETA - Check/input_Global Trade Item Number'

2019-02-07 13:41:52 - [TEST_STEP][PASSED] - click(findTestObject("Object Repository/Page_GS1 Cloud BETA - Check/button_Search")): Object: 'Object Repository/Page_GS1 Cloud BETA - Check/button_Search' is clicked on

2019-02-07 13:41:54 - [MESSAGE][PASSED] - Object: 'Object Repository/Page_GS1 Cloud BETA - Check/button_Search' is clicked on]]></system-out>
         <system-err><![CDATA[]]></system-err>
      </testcase>
      <testcase name="Test Cases/GCLD-9/Verify Valid Length of GTIN number" classname="Test Cases/GCLD-9/Verify Valid Length of GTIN number" status="PASSED">
         <system-out><![CDATA[2019-02-07 13:41:54 - [TEST_CASE][PASSED] - Test Cases/GCLD-9/Verify Valid Length of GTIN number: Test Cases/GCLD-9/Verify Valid Length of GTIN number

2019-02-07 13:41:54 - [TEST_STEP][PASSED] - openBrowser("https://cloud.test.gs1.org/gs1-portal"): Browser is opened with url: 'https://cloud.test.gs1.org/gs1-portal'

2019-02-07 13:41:54 - [MESSAGE][WARNING] - A browser is already opened. Closing browser and opening a new one

2019-02-07 13:41:55 - [MESSAGE][INFO] - Starting 'Chrome' driver

2019-02-07 13:42:00 - [MESSAGE][PASSED] - Browser is opened with url: 'https://cloud.test.gs1.org/gs1-portal'

2019-02-07 13:42:00 - [TEST_STEP][PASSED] - navigateToUrl("https://gs1-sso-customsts.azurewebsites.net/Account/LoginSelector"): Navigate to 'https://gs1-sso-customsts.azurewebsites.net/Account/LoginSelector' successfully

2019-02-07 13:42:00 - [MESSAGE][PASSED] - Navigate to 'https://gs1-sso-customsts.azurewebsites.net/Account/LoginSelector' successfully

2019-02-07 13:42:00 - [TEST_STEP][PASSED] - setText(findTestObject("Object Repository/Page_Sign in - GS1 STS Server/input_E-mail_Email"), email): Text 'GS1CloudTest@gs1.org' is set on object 'Object Repository/Page_Sign in - GS1 STS Server/input_E-mail_Email'

2019-02-07 13:42:00 - [MESSAGE][PASSED] - Text 'GS1CloudTest@gs1.org' is set on object 'Object Repository/Page_Sign in - GS1 STS Server/input_E-mail_Email'

2019-02-07 13:42:00 - [TEST_STEP][PASSED] - Thread.sleep(1000): null

2019-02-07 13:42:01 - [TEST_STEP][PASSED] - setText(findTestObject("Object Repository/Page_Sign in - GS1 STS Server/input_Password_Password"), password): Text 'Fvrt7564' is set on object 'Object Repository/Page_Sign in - GS1 STS Server/input_Password_Password'

2019-02-07 13:42:01 - [MESSAGE][PASSED] - Text 'Fvrt7564' is set on object 'Object Repository/Page_Sign in - GS1 STS Server/input_Password_Password'

2019-02-07 13:42:01 - [TEST_STEP][PASSED] - click(findTestObject("Object Repository/Page_Sign in - GS1 STS Server/input_Password_btn btn-default")): Object: 'Object Repository/Page_Sign in - GS1 STS Server/input_Password_btn btn-default' is clicked on

2019-02-07 13:42:10 - [MESSAGE][PASSED] - Object: 'Object Repository/Page_Sign in - GS1 STS Server/input_Password_btn btn-default' is clicked on

2019-02-07 13:42:10 - [TEST_STEP][PASSED] - click(findTestObject("Object Repository/Page_GS1 Cloud BETA - Home/a_Services")): Object: 'Object Repository/Page_GS1 Cloud BETA - Home/a_Services' is clicked on

2019-02-07 13:42:10 - [MESSAGE][PASSED] - Object: 'Object Repository/Page_GS1 Cloud BETA - Home/a_Services' is clicked on

2019-02-07 13:42:10 - [TEST_STEP][PASSED] - Thread.sleep(1000): null

2019-02-07 13:42:11 - [TEST_STEP][PASSED] - click(findTestObject("Object Repository/Page_GS1 Cloud BETA - Services/a_Check")): Object: 'Object Repository/Page_GS1 Cloud BETA - Services/a_Check' is clicked on

2019-02-07 13:42:11 - [MESSAGE][PASSED] - Object: 'Object Repository/Page_GS1 Cloud BETA - Services/a_Check' is clicked on

2019-02-07 13:42:11 - [TEST_STEP][PASSED] - setText(findTestObject("Object Repository/Page_GS1 Cloud BETA - Check/input_Global Trade Item Number"), Checkgtinlength): Text '100' is set on object 'Object Repository/Page_GS1 Cloud BETA - Check/input_Global Trade Item Number'

2019-02-07 13:42:14 - [MESSAGE][PASSED] - Text '100' is set on object 'Object Repository/Page_GS1 Cloud BETA - Check/input_Global Trade Item Number'

2019-02-07 13:42:14 - [TEST_STEP][PASSED] - click(findTestObject("Object Repository/Page_GS1 Cloud BETA - Check/button_Search")): Object: 'Object Repository/Page_GS1 Cloud BETA - Check/button_Search' is clicked on

2019-02-07 13:42:16 - [MESSAGE][PASSED] - Object: 'Object Repository/Page_GS1 Cloud BETA - Check/button_Search' is clicked on]]></system-out>
         <system-err><![CDATA[]]></system-err>
      </testcase>
      <testcase name="Test Cases/GCLD-9/Verify Valid Length of GTIN number" classname="Test Cases/GCLD-9/Verify Valid Length of GTIN number" status="PASSED">
         <system-out><![CDATA[2019-02-07 13:42:16 - [TEST_CASE][PASSED] - Test Cases/GCLD-9/Verify Valid Length of GTIN number: Test Cases/GCLD-9/Verify Valid Length of GTIN number

2019-02-07 13:42:16 - [TEST_STEP][PASSED] - openBrowser("https://cloud.test.gs1.org/gs1-portal"): Browser is opened with url: 'https://cloud.test.gs1.org/gs1-portal'

2019-02-07 13:42:16 - [MESSAGE][WARNING] - A browser is already opened. Closing browser and opening a new one

2019-02-07 13:42:16 - [MESSAGE][INFO] - Starting 'Chrome' driver

2019-02-07 13:42:21 - [MESSAGE][PASSED] - Browser is opened with url: 'https://cloud.test.gs1.org/gs1-portal'

2019-02-07 13:42:21 - [TEST_STEP][PASSED] - navigateToUrl("https://gs1-sso-customsts.azurewebsites.net/Account/LoginSelector"): Navigate to 'https://gs1-sso-customsts.azurewebsites.net/Account/LoginSelector' successfully

2019-02-07 13:42:22 - [MESSAGE][PASSED] - Navigate to 'https://gs1-sso-customsts.azurewebsites.net/Account/LoginSelector' successfully

2019-02-07 13:42:22 - [TEST_STEP][PASSED] - setText(findTestObject("Object Repository/Page_Sign in - GS1 STS Server/input_E-mail_Email"), email): Text 'GS1CloudTest@gs1.org' is set on object 'Object Repository/Page_Sign in - GS1 STS Server/input_E-mail_Email'

2019-02-07 13:42:22 - [MESSAGE][PASSED] - Text 'GS1CloudTest@gs1.org' is set on object 'Object Repository/Page_Sign in - GS1 STS Server/input_E-mail_Email'

2019-02-07 13:42:22 - [TEST_STEP][PASSED] - Thread.sleep(1000): null

2019-02-07 13:42:23 - [TEST_STEP][PASSED] - setText(findTestObject("Object Repository/Page_Sign in - GS1 STS Server/input_Password_Password"), password): Text 'Fvrt7564' is set on object 'Object Repository/Page_Sign in - GS1 STS Server/input_Password_Password'

2019-02-07 13:42:23 - [MESSAGE][PASSED] - Text 'Fvrt7564' is set on object 'Object Repository/Page_Sign in - GS1 STS Server/input_Password_Password'

2019-02-07 13:42:23 - [TEST_STEP][PASSED] - click(findTestObject("Object Repository/Page_Sign in - GS1 STS Server/input_Password_btn btn-default")): Object: 'Object Repository/Page_Sign in - GS1 STS Server/input_Password_btn btn-default' is clicked on

2019-02-07 13:42:31 - [MESSAGE][PASSED] - Object: 'Object Repository/Page_Sign in - GS1 STS Server/input_Password_btn btn-default' is clicked on

2019-02-07 13:42:31 - [TEST_STEP][PASSED] - click(findTestObject("Object Repository/Page_GS1 Cloud BETA - Home/a_Services")): Object: 'Object Repository/Page_GS1 Cloud BETA - Home/a_Services' is clicked on

2019-02-07 13:42:31 - [MESSAGE][PASSED] - Object: 'Object Repository/Page_GS1 Cloud BETA - Home/a_Services' is clicked on

2019-02-07 13:42:31 - [TEST_STEP][PASSED] - Thread.sleep(1000): null

2019-02-07 13:42:32 - [TEST_STEP][PASSED] - click(findTestObject("Object Repository/Page_GS1 Cloud BETA - Services/a_Check")): Object: 'Object Repository/Page_GS1 Cloud BETA - Services/a_Check' is clicked on

2019-02-07 13:42:33 - [MESSAGE][PASSED] - Object: 'Object Repository/Page_GS1 Cloud BETA - Services/a_Check' is clicked on

2019-02-07 13:42:33 - [TEST_STEP][PASSED] - setText(findTestObject("Object Repository/Page_GS1 Cloud BETA - Check/input_Global Trade Item Number"), Checkgtinlength): Text '121' is set on object 'Object Repository/Page_GS1 Cloud BETA - Check/input_Global Trade Item Number'

2019-02-07 13:42:36 - [MESSAGE][PASSED] - Text '121' is set on object 'Object Repository/Page_GS1 Cloud BETA - Check/input_Global Trade Item Number'

2019-02-07 13:42:36 - [TEST_STEP][PASSED] - click(findTestObject("Object Repository/Page_GS1 Cloud BETA - Check/button_Search")): Object: 'Object Repository/Page_GS1 Cloud BETA - Check/button_Search' is clicked on

2019-02-07 13:42:38 - [MESSAGE][PASSED] - Object: 'Object Repository/Page_GS1 Cloud BETA - Check/button_Search' is clicked on]]></system-out>
         <system-err><![CDATA[]]></system-err>
      </testcase>
      <testcase name="Test Cases/GCLD-9/Verify Valid Length of GTIN number" classname="Test Cases/GCLD-9/Verify Valid Length of GTIN number" status="PASSED">
         <system-out><![CDATA[2019-02-07 13:42:38 - [TEST_CASE][PASSED] - Test Cases/GCLD-9/Verify Valid Length of GTIN number: Test Cases/GCLD-9/Verify Valid Length of GTIN number

2019-02-07 13:42:38 - [TEST_STEP][PASSED] - openBrowser("https://cloud.test.gs1.org/gs1-portal"): Browser is opened with url: 'https://cloud.test.gs1.org/gs1-portal'

2019-02-07 13:42:38 - [MESSAGE][WARNING] - A browser is already opened. Closing browser and opening a new one

2019-02-07 13:42:38 - [MESSAGE][INFO] - Starting 'Chrome' driver

2019-02-07 13:42:44 - [MESSAGE][PASSED] - Browser is opened with url: 'https://cloud.test.gs1.org/gs1-portal'

2019-02-07 13:42:44 - [TEST_STEP][PASSED] - navigateToUrl("https://gs1-sso-customsts.azurewebsites.net/Account/LoginSelector"): Navigate to 'https://gs1-sso-customsts.azurewebsites.net/Account/LoginSelector' successfully

2019-02-07 13:42:45 - [MESSAGE][PASSED] - Navigate to 'https://gs1-sso-customsts.azurewebsites.net/Account/LoginSelector' successfully

2019-02-07 13:42:45 - [TEST_STEP][PASSED] - setText(findTestObject("Object Repository/Page_Sign in - GS1 STS Server/input_E-mail_Email"), email): Text 'GS1CloudTest@gs1.org' is set on object 'Object Repository/Page_Sign in - GS1 STS Server/input_E-mail_Email'

2019-02-07 13:42:45 - [MESSAGE][PASSED] - Text 'GS1CloudTest@gs1.org' is set on object 'Object Repository/Page_Sign in - GS1 STS Server/input_E-mail_Email'

2019-02-07 13:42:45 - [TEST_STEP][PASSED] - Thread.sleep(1000): null

2019-02-07 13:42:46 - [TEST_STEP][PASSED] - setText(findTestObject("Object Repository/Page_Sign in - GS1 STS Server/input_Password_Password"), password): Text 'Fvrt7564' is set on object 'Object Repository/Page_Sign in - GS1 STS Server/input_Password_Password'

2019-02-07 13:42:46 - [MESSAGE][PASSED] - Text 'Fvrt7564' is set on object 'Object Repository/Page_Sign in - GS1 STS Server/input_Password_Password'

2019-02-07 13:42:46 - [TEST_STEP][PASSED] - click(findTestObject("Object Repository/Page_Sign in - GS1 STS Server/input_Password_btn btn-default")): Object: 'Object Repository/Page_Sign in - GS1 STS Server/input_Password_btn btn-default' is clicked on

2019-02-07 13:42:53 - [MESSAGE][PASSED] - Object: 'Object Repository/Page_Sign in - GS1 STS Server/input_Password_btn btn-default' is clicked on

2019-02-07 13:42:53 - [TEST_STEP][PASSED] - click(findTestObject("Object Repository/Page_GS1 Cloud BETA - Home/a_Services")): Object: 'Object Repository/Page_GS1 Cloud BETA - Home/a_Services' is clicked on

2019-02-07 13:42:53 - [MESSAGE][PASSED] - Object: 'Object Repository/Page_GS1 Cloud BETA - Home/a_Services' is clicked on

2019-02-07 13:42:53 - [TEST_STEP][PASSED] - Thread.sleep(1000): null

2019-02-07 13:42:54 - [TEST_STEP][PASSED] - click(findTestObject("Object Repository/Page_GS1 Cloud BETA - Services/a_Check")): Object: 'Object Repository/Page_GS1 Cloud BETA - Services/a_Check' is clicked on

2019-02-07 13:42:55 - [MESSAGE][PASSED] - Object: 'Object Repository/Page_GS1 Cloud BETA - Services/a_Check' is clicked on

2019-02-07 13:42:55 - [TEST_STEP][PASSED] - setText(findTestObject("Object Repository/Page_GS1 Cloud BETA - Check/input_Global Trade Item Number"), Checkgtinlength): Text '1000' is set on object 'Object Repository/Page_GS1 Cloud BETA - Check/input_Global Trade Item Number'

2019-02-07 13:42:58 - [MESSAGE][PASSED] - Text '1000' is set on object 'Object Repository/Page_GS1 Cloud BETA - Check/input_Global Trade Item Number'

2019-02-07 13:42:58 - [TEST_STEP][PASSED] - click(findTestObject("Object Repository/Page_GS1 Cloud BETA - Check/button_Search")): Object: 'Object Repository/Page_GS1 Cloud BETA - Check/button_Search' is clicked on

2019-02-07 13:43:00 - [MESSAGE][PASSED] - Object: 'Object Repository/Page_GS1 Cloud BETA - Check/button_Search' is clicked on]]></system-out>
         <system-err><![CDATA[]]></system-err>
      </testcase>
      <system-out><![CDATA[2019-02-07 13:41:30 - [TEST_SUITE][PASSED] - GCLD-9: Test Cases/GCLD-9/Verify Valid Length of GTIN number]]></system-out>
      <system-err><![CDATA[]]></system-err>
   </testsuite>
</testsuites>
