<?xml version="1.0" encoding="UTF-8"?>
<testsuites name="TestingSuite" time="20" tests="3" failures="0" errors="0">
   <testsuite name="TestingSuite" tests="3" failures="0" errors="0" time="20" timestamp="2019-06-02 19:02:26" hostname="satwik_df_gs1 - 192.168.0.101" id="Test Suites/TestingSuite">
      <properties>
         <property name="deviceName" value=""/>
         <property name="devicePlatform" value=""/>
         <property name="logFolder" value="/Users/satwik_df_gs1/Katalon Studio/TestingKatalon/Reports/TestingSuite/20190602_190214"/>
         <property name="logFiles" value="/Users/satwik_df_gs1/Katalon Studio/TestingKatalon/Reports/TestingSuite/20190602_190214/execution0.log"/>
         <property name="attachments" value=""/>
         <property name="hostName" value="satwik_df_gs1 - 192.168.0.101"/>
         <property name="os" value="Mac OS X 64bit"/>
         <property name="katalonVersion" value="6.1.4.1"/>
         <property name="browser" value="Chrome 74.0.3729.169"/>
         <property name="hostAddress" value="192.168.0.101"/>
         <property name="sessionId" value="f11673a3ee1b55e5b34c5068efd3a70d"/>
         <property name="seleniumVersion" value="3.7.1"/>
         <property name="proxyInformation" value="ProxyInformation{proxyOption=NO_PROXY, proxyServerType=HTTP, password=, proxyServerAddress=, proxyServerPort=0}"/>
         <property name="platform" value="Mac OS X"/>
      </properties>
      <testcase name="Test Cases/testingint" classname="Test Cases/testingint" status="PASSED">
         <system-out><![CDATA[2019-06-02 19:02:26 - [TEST_CASE][PASSED] - Test Cases/testingint: Test Cases/testingint

2019-06-02 19:02:26 - [TEST_STEP][PASSED] - openBrowser(""): Browser is opened with url: ''

2019-06-02 19:02:26 - [MESSAGE][INFO] - Starting 'Chrome' driver

2019-06-02 19:02:26 - [MESSAGE][INFO] - Action delay is set to 0 seconds

2019-06-02 19:02:29 - [MESSAGE][PASSED] - Browser is opened with url: ''

2019-06-02 19:02:29 - [TEST_STEP][PASSED] - navigateToUrl("https://katalon-demo-cura.herokuapp.com/"): Navigate to 'https://katalon-demo-cura.herokuapp.com/' successfully

2019-06-02 19:02:31 - [MESSAGE][PASSED] - Navigate to 'https://katalon-demo-cura.herokuapp.com/' successfully

2019-06-02 19:02:31 - [TEST_STEP][PASSED] - click(findTestObject("Object Repository/Page_CURA Healthcare Service/a_Make Appointment")): Object: 'Object Repository/Page_CURA Healthcare Service/a_Make Appointment' is clicked on

2019-06-02 19:02:32 - [MESSAGE][PASSED] - Object: 'Object Repository/Page_CURA Healthcare Service/a_Make Appointment' is clicked on

2019-06-02 19:02:32 - [TEST_STEP][PASSED] - setText(findTestObject("Object Repository/Page_CURA Healthcare Service/input_Username_username"), username): Text 'John Doe' is set on object 'Object Repository/Page_CURA Healthcare Service/input_Username_username'

2019-06-02 19:02:32 - [MESSAGE][PASSED] - Text 'John Doe' is set on object 'Object Repository/Page_CURA Healthcare Service/input_Username_username'

2019-06-02 19:02:32 - [TEST_STEP][PASSED] - setText(findTestObject("Object Repository/Page_CURA Healthcare Service/input_Password_password"), password): Text 'ThisIsNotAPassword' is set on object 'Object Repository/Page_CURA Healthcare Service/input_Password_password'

2019-06-02 19:02:32 - [MESSAGE][PASSED] - Text 'ThisIsNotAPassword' is set on object 'Object Repository/Page_CURA Healthcare Service/input_Password_password'

2019-06-02 19:02:32 - [TEST_STEP][PASSED] - click(findTestObject("Object Repository/Page_CURA Healthcare Service/button_Login")): Object: 'Object Repository/Page_CURA Healthcare Service/button_Login' is clicked on

2019-06-02 19:02:33 - [MESSAGE][PASSED] - Object: 'Object Repository/Page_CURA Healthcare Service/button_Login' is clicked on

2019-06-02 19:02:33 - [TEST_STEP][PASSED] - click(findTestObject("Object Repository/Page_CURA Healthcare Service/i_CURA Healthcare_fa fa-bars")): Object: 'Object Repository/Page_CURA Healthcare Service/i_CURA Healthcare_fa fa-bars' is clicked on

2019-06-02 19:02:33 - [MESSAGE][PASSED] - Object: 'Object Repository/Page_CURA Healthcare Service/i_CURA Healthcare_fa fa-bars' is clicked on

2019-06-02 19:02:33 - [TEST_STEP][PASSED] - click(findTestObject("Object Repository/Page_CURA Healthcare Service/a_Home")): Object: 'Object Repository/Page_CURA Healthcare Service/a_Home' is clicked on

2019-06-02 19:02:33 - [MESSAGE][PASSED] - Object: 'Object Repository/Page_CURA Healthcare Service/a_Home' is clicked on

2019-06-02 19:02:33 - [TEST_STEP][PASSED] - closeBrowser(): Browser is closed

2019-06-02 19:02:33 - [MESSAGE][PASSED] - Browser is closed]]></system-out>
         <system-err><![CDATA[]]></system-err>
      </testcase>
      <testcase name="Test Cases/testing" classname="Test Cases/testing" status="PASSED">
         <system-out><![CDATA[2019-06-02 19:02:33 - [TEST_CASE][PASSED] - Test Cases/testing: Test Cases/testing

2019-06-02 19:02:33 - [TEST_STEP][PASSED] - openBrowser(""): Browser is opened with url: ''

2019-06-02 19:02:33 - [MESSAGE][INFO] - Starting 'Chrome' driver

2019-06-02 19:02:35 - [MESSAGE][PASSED] - Browser is opened with url: ''

2019-06-02 19:02:35 - [TEST_STEP][PASSED] - navigateToUrl("https://katalon-demo-cura.herokuapp.com/"): Navigate to 'https://katalon-demo-cura.herokuapp.com/' successfully

2019-06-02 19:02:37 - [MESSAGE][PASSED] - Navigate to 'https://katalon-demo-cura.herokuapp.com/' successfully

2019-06-02 19:02:37 - [TEST_STEP][PASSED] - click(findTestObject("Object Repository/Page_CURA Healthcare Service/a_Make Appointment (1)")): Object: 'Object Repository/Page_CURA Healthcare Service/a_Make Appointment (1)' is clicked on

2019-06-02 19:02:38 - [MESSAGE][PASSED] - Object: 'Object Repository/Page_CURA Healthcare Service/a_Make Appointment (1)' is clicked on

2019-06-02 19:02:38 - [TEST_STEP][PASSED] - setText(findTestObject("Object Repository/Page_CURA Healthcare Service/input_Username_username (1)"), username): Text 'John Doe' is set on object 'Object Repository/Page_CURA Healthcare Service/input_Username_username (1)'

2019-06-02 19:02:38 - [MESSAGE][PASSED] - Text 'John Doe' is set on object 'Object Repository/Page_CURA Healthcare Service/input_Username_username (1)'

2019-06-02 19:02:38 - [TEST_STEP][PASSED] - setText(findTestObject("Object Repository/Page_CURA Healthcare Service/input_Password_password (1)"), password): Text 'ThisIsNotAPassword' is set on object 'Object Repository/Page_CURA Healthcare Service/input_Password_password (1)'

2019-06-02 19:02:38 - [MESSAGE][PASSED] - Text 'ThisIsNotAPassword' is set on object 'Object Repository/Page_CURA Healthcare Service/input_Password_password (1)'

2019-06-02 19:02:38 - [TEST_STEP][PASSED] - click(findTestObject("Object Repository/Page_CURA Healthcare Service/button_Login (1)")): Object: 'Object Repository/Page_CURA Healthcare Service/button_Login (1)' is clicked on

2019-06-02 19:02:39 - [MESSAGE][PASSED] - Object: 'Object Repository/Page_CURA Healthcare Service/button_Login (1)' is clicked on

2019-06-02 19:02:39 - [TEST_STEP][PASSED] - click(findTestObject("Object Repository/Page_CURA Healthcare Service/span_Visit Date (Required)_glyphicon glyphicon-calendar")): Object: 'Object Repository/Page_CURA Healthcare Service/span_Visit Date (Required)_glyphicon glyphicon-calendar' is clicked on

2019-06-02 19:02:39 - [MESSAGE][PASSED] - Object: 'Object Repository/Page_CURA Healthcare Service/span_Visit Date (Required)_glyphicon glyphicon-calendar' is clicked on

2019-06-02 19:02:39 - [TEST_STEP][PASSED] - click(findTestObject("Object Repository/Page_CURA Healthcare Service/td_18")): Object: 'Object Repository/Page_CURA Healthcare Service/td_18' is clicked on

2019-06-02 19:02:39 - [MESSAGE][PASSED] - Object: 'Object Repository/Page_CURA Healthcare Service/td_18' is clicked on

2019-06-02 19:02:39 - [TEST_STEP][PASSED] - setText(findTestObject("Object Repository/Page_CURA Healthcare Service/textarea_Comment_comment"), comment): Text 'Testing' is set on object 'Object Repository/Page_CURA Healthcare Service/textarea_Comment_comment'

2019-06-02 19:02:39 - [MESSAGE][PASSED] - Text 'Testing' is set on object 'Object Repository/Page_CURA Healthcare Service/textarea_Comment_comment'

2019-06-02 19:02:39 - [TEST_STEP][PASSED] - click(findTestObject("Object Repository/Page_CURA Healthcare Service/button_Book Appointment")): Object: 'Object Repository/Page_CURA Healthcare Service/button_Book Appointment' is clicked on

2019-06-02 19:02:39 - [MESSAGE][PASSED] - Object: 'Object Repository/Page_CURA Healthcare Service/button_Book Appointment' is clicked on

2019-06-02 19:02:39 - [TEST_STEP][PASSED] - click(findTestObject("Object Repository/Page_CURA Healthcare Service/a_Go to Homepage")): Object: 'Object Repository/Page_CURA Healthcare Service/a_Go to Homepage' is clicked on

2019-06-02 19:02:40 - [MESSAGE][PASSED] - Object: 'Object Repository/Page_CURA Healthcare Service/a_Go to Homepage' is clicked on

2019-06-02 19:02:40 - [TEST_STEP][PASSED] - closeBrowser(): Browser is closed

2019-06-02 19:02:40 - [MESSAGE][PASSED] - Browser is closed]]></system-out>
         <system-err><![CDATA[]]></system-err>
      </testcase>
      <testcase name="Test Cases/testing" classname="Test Cases/testing" status="PASSED">
         <system-out><![CDATA[2019-06-02 19:02:40 - [TEST_CASE][PASSED] - Test Cases/testing: Test Cases/testing

2019-06-02 19:02:40 - [TEST_STEP][PASSED] - openBrowser(""): Browser is opened with url: ''

2019-06-02 19:02:40 - [MESSAGE][INFO] - Starting 'Chrome' driver

2019-06-02 19:02:41 - [MESSAGE][PASSED] - Browser is opened with url: ''

2019-06-02 19:02:41 - [TEST_STEP][PASSED] - navigateToUrl("https://katalon-demo-cura.herokuapp.com/"): Navigate to 'https://katalon-demo-cura.herokuapp.com/' successfully

2019-06-02 19:02:44 - [MESSAGE][PASSED] - Navigate to 'https://katalon-demo-cura.herokuapp.com/' successfully

2019-06-02 19:02:44 - [TEST_STEP][PASSED] - click(findTestObject("Object Repository/Page_CURA Healthcare Service/a_Make Appointment (1)")): Object: 'Object Repository/Page_CURA Healthcare Service/a_Make Appointment (1)' is clicked on

2019-06-02 19:02:44 - [MESSAGE][PASSED] - Object: 'Object Repository/Page_CURA Healthcare Service/a_Make Appointment (1)' is clicked on

2019-06-02 19:02:44 - [TEST_STEP][PASSED] - setText(findTestObject("Object Repository/Page_CURA Healthcare Service/input_Username_username (1)"), username): Text 'John Doe' is set on object 'Object Repository/Page_CURA Healthcare Service/input_Username_username (1)'

2019-06-02 19:02:44 - [MESSAGE][PASSED] - Text 'John Doe' is set on object 'Object Repository/Page_CURA Healthcare Service/input_Username_username (1)'

2019-06-02 19:02:44 - [TEST_STEP][PASSED] - setText(findTestObject("Object Repository/Page_CURA Healthcare Service/input_Password_password (1)"), password): Text 'ThisIsNotAPassword' is set on object 'Object Repository/Page_CURA Healthcare Service/input_Password_password (1)'

2019-06-02 19:02:44 - [MESSAGE][PASSED] - Text 'ThisIsNotAPassword' is set on object 'Object Repository/Page_CURA Healthcare Service/input_Password_password (1)'

2019-06-02 19:02:44 - [TEST_STEP][PASSED] - click(findTestObject("Object Repository/Page_CURA Healthcare Service/button_Login (1)")): Object: 'Object Repository/Page_CURA Healthcare Service/button_Login (1)' is clicked on

2019-06-02 19:02:45 - [MESSAGE][PASSED] - Object: 'Object Repository/Page_CURA Healthcare Service/button_Login (1)' is clicked on

2019-06-02 19:02:45 - [TEST_STEP][PASSED] - click(findTestObject("Object Repository/Page_CURA Healthcare Service/span_Visit Date (Required)_glyphicon glyphicon-calendar")): Object: 'Object Repository/Page_CURA Healthcare Service/span_Visit Date (Required)_glyphicon glyphicon-calendar' is clicked on

2019-06-02 19:02:45 - [MESSAGE][PASSED] - Object: 'Object Repository/Page_CURA Healthcare Service/span_Visit Date (Required)_glyphicon glyphicon-calendar' is clicked on

2019-06-02 19:02:45 - [TEST_STEP][PASSED] - click(findTestObject("Object Repository/Page_CURA Healthcare Service/td_18")): Object: 'Object Repository/Page_CURA Healthcare Service/td_18' is clicked on

2019-06-02 19:02:45 - [MESSAGE][PASSED] - Object: 'Object Repository/Page_CURA Healthcare Service/td_18' is clicked on

2019-06-02 19:02:45 - [TEST_STEP][PASSED] - setText(findTestObject("Object Repository/Page_CURA Healthcare Service/textarea_Comment_comment"), comment): Text 'Testing1' is set on object 'Object Repository/Page_CURA Healthcare Service/textarea_Comment_comment'

2019-06-02 19:02:45 - [MESSAGE][PASSED] - Text 'Testing1' is set on object 'Object Repository/Page_CURA Healthcare Service/textarea_Comment_comment'

2019-06-02 19:02:45 - [TEST_STEP][PASSED] - click(findTestObject("Object Repository/Page_CURA Healthcare Service/button_Book Appointment")): Object: 'Object Repository/Page_CURA Healthcare Service/button_Book Appointment' is clicked on

2019-06-02 19:02:46 - [MESSAGE][PASSED] - Object: 'Object Repository/Page_CURA Healthcare Service/button_Book Appointment' is clicked on

2019-06-02 19:02:46 - [TEST_STEP][PASSED] - click(findTestObject("Object Repository/Page_CURA Healthcare Service/a_Go to Homepage")): Object: 'Object Repository/Page_CURA Healthcare Service/a_Go to Homepage' is clicked on

2019-06-02 19:02:46 - [MESSAGE][PASSED] - Object: 'Object Repository/Page_CURA Healthcare Service/a_Go to Homepage' is clicked on

2019-06-02 19:02:46 - [TEST_STEP][PASSED] - closeBrowser(): Browser is closed

2019-06-02 19:02:46 - [MESSAGE][PASSED] - Browser is closed]]></system-out>
         <system-err><![CDATA[]]></system-err>
      </testcase>
      <system-out><![CDATA[2019-06-02 19:02:26 - [TEST_SUITE][PASSED] - TestingSuite: Test Cases/testing]]></system-out>
      <system-err><![CDATA[]]></system-err>
   </testsuite>
</testsuites>
