<?xml version="1.0" encoding="UTF-8"?>
<testsuites name="registration test suite" time="56" tests="1" failures="0" errors="0">
   <testsuite name="registration test suite" tests="1" failures="0" errors="0" time="56" timestamp="2018-12-04 19:25:46" hostname="satwik_df_gs1 - 192.168.0.83" id="Test Suites/registration test suite">
      <properties>
         <property name="deviceName" value=""/>
         <property name="devicePlatform" value=""/>
         <property name="logFolder" value="/Users/satwik_df_gs1/Katalon Studio/test/Reports/registration test suite/20181204_192534"/>
         <property name="logFiles" value="/Users/satwik_df_gs1/Katalon Studio/test/Reports/registration test suite/20181204_192534/execution0.log"/>
         <property name="attachments" value=""/>
         <property name="hostName" value="satwik_df_gs1 - 192.168.0.83"/>
         <property name="os" value="Mac OS X 64bit"/>
         <property name="katalonVersion" value="5.9.0.1"/>
         <property name="browser" value="Chrome 70.0.3538.110"/>
         <property name="hostAddress" value="192.168.0.83"/>
         <property name="sessionId" value="6d72c74230481c3fc5194b6650173930"/>
         <property name="seleniumVersion" value="3.7.1"/>
         <property name="proxyInformation" value="ProxyInformation{proxyOption=NO_PROXY, proxyServerType=HTTP, password=, proxyServerAddress=, proxyServerPort=0}"/>
         <property name="platform" value="Mac OS X"/>
      </properties>
      <testcase name="Test Cases/automation_testing" classname="Test Cases/automation_testing" status="PASSED">
         <system-out><![CDATA[2018-12-04 19:25:46 - [TEST_CASE][PASSED] - Test Cases/automation_testing: Test Cases/automation_testing

2018-12-04 19:25:47 - [TEST_STEP][PASSED] - openBrowser(""): Browser is opened with url: ''

2018-12-04 19:25:47 - [MESSAGE][INFO] - Starting 'Chrome' driver

2018-12-04 19:25:47 - [MESSAGE][INFO] - Action delay is set to 0 seconds

2018-12-04 19:25:49 - [MESSAGE][PASSED] - Browser is opened with url: ''

2018-12-04 19:25:49 - [TEST_STEP][PASSED] - navigateToUrl("http://automationpractice.com/index.php"): Navigate to 'http://automationpractice.com/index.php' successfully

2018-12-04 19:26:32 - [MESSAGE][PASSED] - Navigate to 'http://automationpractice.com/index.php' successfully

2018-12-04 19:26:32 - [TEST_STEP][PASSED] - click(findTestObject("Object Repository/test registration/Page_My Store/a_Sign in")): Object: 'Object Repository/test registration/Page_My Store/a_Sign in' is clicked on

2018-12-04 19:26:34 - [MESSAGE][PASSED] - Object: 'Object Repository/test registration/Page_My Store/a_Sign in' is clicked on

2018-12-04 19:26:34 - [TEST_STEP][PASSED] - setText(findTestObject("Object Repository/test registration/Page_Login - My Store/input_Email address_email_crea"), email): Text 't.e.s.t.tu@test.com' is set on object 'Object Repository/test registration/Page_Login - My Store/input_Email address_email_crea'

2018-12-04 19:26:34 - [MESSAGE][PASSED] - Text 't.e.s.t.tu@test.com' is set on object 'Object Repository/test registration/Page_Login - My Store/input_Email address_email_crea'

2018-12-04 19:26:34 - [TEST_STEP][PASSED] - click(findTestObject("Object Repository/test registration/Page_Login - My Store/span_Create an account")): Object: 'Object Repository/test registration/Page_Login - My Store/span_Create an account' is clicked on

2018-12-04 19:26:34 - [MESSAGE][PASSED] - Object: 'Object Repository/test registration/Page_Login - My Store/span_Create an account' is clicked on

2018-12-04 19:26:34 - [TEST_STEP][PASSED] - click(findTestObject("Object Repository/test registration/Page_Login - My Store/input_Mr._id_gender")): Object: 'Object Repository/test registration/Page_Login - My Store/input_Mr._id_gender' is clicked on

2018-12-04 19:26:36 - [MESSAGE][PASSED] - Object: 'Object Repository/test registration/Page_Login - My Store/input_Mr._id_gender' is clicked on

2018-12-04 19:26:36 - [TEST_STEP][PASSED] - setText(findTestObject("Object Repository/test registration/Page_Login - My Store/input__customer_firstname"), firstname): Text 'testnametestign' is set on object 'Object Repository/test registration/Page_Login - My Store/input__customer_firstname'

2018-12-04 19:26:36 - [MESSAGE][PASSED] - Text 'testnametestign' is set on object 'Object Repository/test registration/Page_Login - My Store/input__customer_firstname'

2018-12-04 19:26:36 - [TEST_STEP][PASSED] - setText(findTestObject("Object Repository/test registration/Page_Login - My Store/input__customer_lastname"), lastname): Text 'testingnametest' is set on object 'Object Repository/test registration/Page_Login - My Store/input__customer_lastname'

2018-12-04 19:26:36 - [MESSAGE][PASSED] - Text 'testingnametest' is set on object 'Object Repository/test registration/Page_Login - My Store/input__customer_lastname'

2018-12-04 19:26:36 - [TEST_STEP][PASSED] - setText(findTestObject("Object Repository/test registration/Page_Login - My Store/input__passwd"), password): Text 'Test@1' is set on object 'Object Repository/test registration/Page_Login - My Store/input__passwd'

2018-12-04 19:26:37 - [MESSAGE][PASSED] - Text 'Test@1' is set on object 'Object Repository/test registration/Page_Login - My Store/input__passwd'

2018-12-04 19:26:37 - [TEST_STEP][PASSED] - selectOptionByValue(findTestObject("Object Repository/test registration/Page_Login - My Store/select_-1234567891011121314151"), date, true): All options with value '12' are selected in object 'Object Repository/test registration/Page_Login - My Store/select_-1234567891011121314151'  using regular expression

2018-12-04 19:26:37 - [MESSAGE][PASSED] - All options with value '12' are selected in object 'Object Repository/test registration/Page_Login - My Store/select_-1234567891011121314151'  using regular expression

2018-12-04 19:26:37 - [TEST_STEP][PASSED] - selectOptionByLabel(findTestObject("Object Repository/test registration/Page_Login - My Store/select_-JanuaryFebruaryMarchAp"), month, true): All options with label 'March ' are selected in object 'Object Repository/test registration/Page_Login - My Store/select_-JanuaryFebruaryMarchAp'  using regular expression

2018-12-04 19:26:37 - [MESSAGE][PASSED] - All options with label 'March ' are selected in object 'Object Repository/test registration/Page_Login - My Store/select_-JanuaryFebruaryMarchAp'  using regular expression

2018-12-04 19:26:37 - [TEST_STEP][PASSED] - selectOptionByValue(findTestObject("Object Repository/test registration/Page_Login - My Store/select_-2018201720162015201420"), year, true): All options with value '2015' are selected in object 'Object Repository/test registration/Page_Login - My Store/select_-2018201720162015201420'  using regular expression

2018-12-04 19:26:38 - [MESSAGE][PASSED] - All options with value '2015' are selected in object 'Object Repository/test registration/Page_Login - My Store/select_-2018201720162015201420'  using regular expression

2018-12-04 19:26:38 - [TEST_STEP][PASSED] - click(findTestObject("Object Repository/test registration/Page_Login - My Store/div_Sign up for our newsletter")): Object: 'Object Repository/test registration/Page_Login - My Store/div_Sign up for our newsletter' is clicked on

2018-12-04 19:26:38 - [MESSAGE][PASSED] - Object: 'Object Repository/test registration/Page_Login - My Store/div_Sign up for our newsletter' is clicked on

2018-12-04 19:26:38 - [TEST_STEP][PASSED] - click(findTestObject("Object Repository/test registration/Page_Login - My Store/input_Sign up for our newslett")): Object: 'Object Repository/test registration/Page_Login - My Store/input_Sign up for our newslett' is clicked on

2018-12-04 19:26:38 - [MESSAGE][PASSED] - Object: 'Object Repository/test registration/Page_Login - My Store/input_Sign up for our newslett' is clicked on

2018-12-04 19:26:38 - [TEST_STEP][PASSED] - setText(findTestObject("Object Repository/test registration/Page_Login - My Store/input_Company_company"), company): Text 'testing company' is set on object 'Object Repository/test registration/Page_Login - My Store/input_Company_company'

2018-12-04 19:26:38 - [MESSAGE][PASSED] - Text 'testing company' is set on object 'Object Repository/test registration/Page_Login - My Store/input_Company_company'

2018-12-04 19:26:38 - [TEST_STEP][PASSED] - setText(findTestObject("Object Repository/test registration/Page_Login - My Store/input__address1"), address1): Text 'testing address1' is set on object 'Object Repository/test registration/Page_Login - My Store/input__address1'

2018-12-04 19:26:39 - [MESSAGE][PASSED] - Text 'testing address1' is set on object 'Object Repository/test registration/Page_Login - My Store/input__address1'

2018-12-04 19:26:39 - [TEST_STEP][PASSED] - setText(findTestObject("Object Repository/test registration/Page_Login - My Store/input_Address (Line 2)_address"), address2): Text 'testing address2' is set on object 'Object Repository/test registration/Page_Login - My Store/input_Address (Line 2)_address'

2018-12-04 19:26:39 - [MESSAGE][PASSED] - Text 'testing address2' is set on object 'Object Repository/test registration/Page_Login - My Store/input_Address (Line 2)_address'

2018-12-04 19:26:39 - [TEST_STEP][PASSED] - setText(findTestObject("Object Repository/test registration/Page_Login - My Store/input__city"), city): Text 'testing city' is set on object 'Object Repository/test registration/Page_Login - My Store/input__city'

2018-12-04 19:26:39 - [MESSAGE][PASSED] - Text 'testing city' is set on object 'Object Repository/test registration/Page_Login - My Store/input__city'

2018-12-04 19:26:39 - [TEST_STEP][PASSED] - selectOptionByLabel(findTestObject("Object Repository/test registration/Page_Login - My Store/select_-AlabamaAlaskaArizonaAr"), state, true): All options with label 'Arizona' are selected in object 'Object Repository/test registration/Page_Login - My Store/select_-AlabamaAlaskaArizonaAr'  using regular expression

2018-12-04 19:26:40 - [MESSAGE][PASSED] - All options with label 'Arizona' are selected in object 'Object Repository/test registration/Page_Login - My Store/select_-AlabamaAlaskaArizonaAr'  using regular expression

2018-12-04 19:26:40 - [TEST_STEP][PASSED] - setText(findTestObject("Object Repository/test registration/Page_Login - My Store/input__postcode"), postalcode): Text '0' is set on object 'Object Repository/test registration/Page_Login - My Store/input__postcode'

2018-12-04 19:26:40 - [MESSAGE][PASSED] - Text '0' is set on object 'Object Repository/test registration/Page_Login - My Store/input__postcode'

2018-12-04 19:26:40 - [TEST_STEP][PASSED] - setText(findTestObject("Object Repository/test registration/Page_Login - My Store/textarea_Additional informatio"), additionalinfo): Text '123456' is set on object 'Object Repository/test registration/Page_Login - My Store/textarea_Additional informatio'

2018-12-04 19:26:40 - [MESSAGE][PASSED] - Text '123456' is set on object 'Object Repository/test registration/Page_Login - My Store/textarea_Additional informatio'

2018-12-04 19:26:40 - [TEST_STEP][PASSED] - setText(findTestObject("Object Repository/test registration/Page_Login - My Store/input_Home phone_phone"), homephoneno): Text '87438473' is set on object 'Object Repository/test registration/Page_Login - My Store/input_Home phone_phone'

2018-12-04 19:26:40 - [MESSAGE][PASSED] - Text '87438473' is set on object 'Object Repository/test registration/Page_Login - My Store/input_Home phone_phone'

2018-12-04 19:26:40 - [TEST_STEP][PASSED] - setText(findTestObject("Object Repository/test registration/Page_Login - My Store/input__phone_mobile"), mobileno): Text '48348347' is set on object 'Object Repository/test registration/Page_Login - My Store/input__phone_mobile'

2018-12-04 19:26:40 - [MESSAGE][PASSED] - Text '48348347' is set on object 'Object Repository/test registration/Page_Login - My Store/input__phone_mobile'

2018-12-04 19:26:40 - [TEST_STEP][PASSED] - click(findTestObject("Object Repository/test registration/Page_Login - My Store/span_Register")): Object: 'Object Repository/test registration/Page_Login - My Store/span_Register' is clicked on

2018-12-04 19:26:43 - [MESSAGE][PASSED] - Object: 'Object Repository/test registration/Page_Login - My Store/span_Register' is clicked on]]></system-out>
         <system-err><![CDATA[]]></system-err>
      </testcase>
      <system-out><![CDATA[2018-12-04 19:25:46 - [TEST_SUITE][PASSED] - registration test suite: Test Cases/automation_testing]]></system-out>
      <system-err><![CDATA[]]></system-err>
   </testsuite>
</testsuites>
